09/01/2026 01:26:49 p. m. - ==========================================
09/01/2026 01:26:49 p. m. - WATCHDOG NFC SERVICE INICIADO
09/01/2026 01:26:49 p. m. - Monitoreando: C:\Users\Jesus Zavala\Desktop\nfc-service\nfc-service.exe
09/01/2026 01:26:49 p. m. - Intervalo: 30 segundos
09/01/2026 01:26:49 p. m. - ==========================================
09/01/2026 01:29:04 p. m. - ==========================================
09/01/2026 01:29:04 p. m. - WATCHDOG NFC SERVICE INICIADO
09/01/2026 01:29:04 p. m. - Monitoreando: c:\Users\Jesus Zavala\Desktop\nfc-service\nfc-service.exe
09/01/2026 01:29:04 p. m. - Intervalo: 30 segundos
09/01/2026 01:29:04 p. m. - ==========================================
09/01/2026 01:35:12 p. m. - ==========================================
09/01/2026 01:35:12 p. m. - WATCHDOG NFC SERVICE INICIADO
09/01/2026 01:35:12 p. m. - Monitoreando: c:\Users\Jesus Zavala\Desktop\nfc-service\nfc-service.exe
09/01/2026 01:35:12 p. m. - Intervalo: 30 segundos
09/01/2026 01:35:12 p. m. - ==========================================
09/01/2026 01:53:29 p. m. - ==========================================
09/01/2026 01:53:29 p. m. - WATCHDOG NFC SERVICE INICIADO
09/01/2026 01:53:29 p. m. - Monitoreando: c:\Users\Jesus Zavala\Desktop\nfc-service\nfc-service.exe
09/01/2026 01:53:30 p. m. - Intervalo: 30 segundos
09/01/2026 01:53:30 p. m. - ==========================================
